11:17:04.110 INFO - Launching a standalone Selenium Server
11:17:04.181 INFO - Java: Oracle Corporation 25.101-b13
11:17:04.181 INFO - OS: Windows 10 10.0 amd64
11:17:04.189 INFO - v2.53.1, with Core v2.53.1. Built from revision a36b8b1
11:17:04.278 INFO - Driver class not found: com.opera.core.systems.OperaDriver
11:17:04.278 INFO - Driver provider com.opera.core.systems.OperaDriver is not registered
11:17:04.287 INFO - Driver provider org.openqa.selenium.safari.SafariDriver registration is skipped:
registration capabilities Capabilities [{browserName=safari, version=, platform=MAC}] does not match the current platform WIN10
11:17:04.287 INFO - Driver class not found: org.openqa.selenium.htmlunit.HtmlUnitDriver
11:17:04.287 INFO - Driver provider org.openqa.selenium.htmlunit.HtmlUnitDriver is not registered
11:17:04.445 INFO - RemoteWebDriver instances should connect to: http://127.0.0.1:4444/wd/hub
11:17:04.445 INFO - Selenium Server is up and running
11:17:04.775 INFO - Executing: [new session: Capabilities [{acceptSslCerts=true, name=Test, browserName=chrome, javascriptEnabled=true, platform=ANY}]])
11:17:04.794 INFO - Creating a new session for Capabilities [{acceptSslCerts=true, name=Test, browserName=chrome, javascriptEnabled=true, platform=ANY}]
Starting ChromeDriver 2.25.426923 (0390b88869384d6eb0d5d09729679f934aab9eed) on port 10881
Only local connections are allowed.
11:17:07.763 INFO - Done: [new session: Capabilities [{acceptSslCerts=true, name=Test, browserName=chrome, javascriptEnabled=true, platform=ANY}]]
11:17:07.779 INFO - Executing: [get: http://localhost:8080])
11:17:09.014 INFO - Done: [get: http://localhost:8080]
11:17:09.024 INFO - Executing: [find elements: By.cssSelector: #app])
11:17:09.082 INFO - Done: [find elements: By.cssSelector: #app]
11:17:09.086 INFO - Executing: [is displayed: 0 [[ChromeDriver: chrome on XP (db3100354e33a3c0fae8c590fb303f70)] -> css selector: #app]])
11:17:09.145 INFO - Done: [is displayed: 0 [[ChromeDriver: chrome on XP (db3100354e33a3c0fae8c590fb303f70)] -> css selector: #app]]
11:17:09.151 INFO - Executing: [find elements: By.cssSelector: .hello])
11:17:09.166 INFO - Done: [find elements: By.cssSelector: .hello]
11:17:09.173 INFO - Executing: [find element: By.cssSelector: h1])
11:17:09.188 INFO - Done: [find element: By.cssSelector: h1]
11:17:09.192 INFO - Executing: [get text: 2 [[ChromeDriver: chrome on XP (db3100354e33a3c0fae8c590fb303f70)] -> css selector: h1]])
11:17:09.208 INFO - Done: [get text: 2 [[ChromeDriver: chrome on XP (db3100354e33a3c0fae8c590fb303f70)] -> css selector: h1]]
11:17:09.221 INFO - Executing: [execute script: var passedArgs = Array.prototype.slice.call(arguments,0); return function (selector) {
      return document.querySelectorAll(selector).length;
    }.apply(window, passedArgs);, [img]])
11:17:09.228 INFO - Done: [execute script: var passedArgs = Array.prototype.slice.call(arguments,0); return function (selector) {
      return document.querySelectorAll(selector).length;
    }.apply(window, passedArgs);, [img]]
11:17:09.233 INFO - Executing: [delete session: ab7a3ce6-9217-4bbe-9ee9-b92009eb4399])
11:17:10.325 INFO - Done: [delete session: ab7a3ce6-9217-4bbe-9ee9-b92009eb4399]
